Removed Pin From Net: NetName=GND Pin=J7-2
Removed Pin From Net: NetName=ICM_ADDR Pin=J8-2
Removed Member From Class: ClassName=IMU Member=J7
Removed Member From Class: ClassName=IMU Member=J8
Removed Member From Class: ClassName=U5_Nets Member=NetJ7_1
Removed Member From Class: ClassName=R25_Nets Member=NetJ8_1
Added Component: Designator=R34(RES_0603)
Add component (AddParameter): Name = "ERP"; Value = ""; VariantName = "[No Variations]"
Add component (AddParameter): Name = "Manufacturer 1"; Value = ""; VariantName = "[No Variations]"
Add component (AddParameter): Name = "Manufacturer Part Number 1"; Value = ""; VariantName = "[No Variations]"
Add component (AddParameter): Name = "Package"; Value = "0603"; VariantName = "[No Variations]"
Add component (AddParameter): Name = "Supplier 1"; Value = ""; VariantName = "[No Variations]"
Add component (AddParameter): Name = "Supplier Part Number 1"; Value = ""; VariantName = "[No Variations]"
Add component (AddParameter): Name = "Value"; Value = "0R"; VariantName = "[No Variations]"
Added Component: Designator=R37(RES_0603)
Add component (AddParameter): Name = "ERP"; Value = ""; VariantName = "[No Variations]"
Add component (AddParameter): Name = "Manufacturer 1"; Value = ""; VariantName = "[No Variations]"
Add component (AddParameter): Name = "Manufacturer Part Number 1"; Value = ""; VariantName = "[No Variations]"
Add component (AddParameter): Name = "Package"; Value = "0603"; VariantName = "[No Variations]"
Add component (AddParameter): Name = "Supplier 1"; Value = ""; VariantName = "[No Variations]"
Add component (AddParameter): Name = "Supplier Part Number 1"; Value = ""; VariantName = "[No Variations]"
Add component (AddParameter): Name = "Value"; Value = "0R"; VariantName = "[No Variations]"
Added Pin To Net: NetName=GND Pin=R34-1
Added Pin To Net: NetName=ICM_ADDR Pin=R37-1
Added Pin To Net: NetName=NetR25_1 Pin=R25-1
Added Pin To Net: NetName=NetR25_1 Pin=R37-2
Added Net: Name=NetR25_1
Added Pin To Net: NetName=NetR34_2 Pin=R34-2
Added Pin To Net: NetName=NetR34_2 Pin=U5-7
Added Net: Name=NetR34_2
Added Class: Name=R34_Nets
Added Class: Name=R37_Nets
Added Member To Class: ClassName=IMU Member=Component R34 ERP_101-1
Added Member To Class: ClassName=IMU Member=Component R37 ERP_101-1
Added Member To Class: ClassName=R25_Nets Member=Wire NetR25_1
Added Member To Class: ClassName=U5_Nets Member=Wire NetR34_2
