Removed Member From Class: ClassName=IMU Member=J9
Removed Member From Class: ClassName=U6_Nets Member=NetJ9_1
Removed Member From Class: ClassName=R35_Nets Member=NetJ9_2
Added Component: Designator=R34(RES_0603)
Add component (AddParameter): Name = "ERP"; Value = ""; VariantName = "[No Variations]"
Add component (AddParameter): Name = "Manufacturer 1"; Value = ""; VariantName = "[No Variations]"
Add component (AddParameter): Name = "Manufacturer Part Number 1"; Value = ""; VariantName = "[No Variations]"
Add component (AddParameter): Name = "Package"; Value = "0603"; VariantName = "[No Variations]"
Add component (AddParameter): Name = "Supplier 1"; Value = ""; VariantName = "[No Variations]"
Add component (AddParameter): Name = "Supplier Part Number 1"; Value = ""; VariantName = "[No Variations]"
Add component (AddParameter): Name = "Value"; Value = "0R"; VariantName = "[No Variations]"
Added Pin To Net: NetName=NetR34_1 Pin=R34-1
Added Pin To Net: NetName=NetR34_1 Pin=R35-2
Added Net: Name=NetR34_1
Added Pin To Net: NetName=NetR34_2 Pin=R34-2
Added Pin To Net: NetName=NetR34_2 Pin=U6-3
Added Net: Name=NetR34_2
Added Class: Name=R34_Nets
Added Member To Class: ClassName=IMU Member=Component R34 ERP_101-1
Added Member To Class: ClassName=R35_Nets Member=Wire NetR34_1
Added Member To Class: ClassName=U6_Nets Member=Wire NetR34_2
