Removed Pin From Net: NetName=3V3 Pin=R37-1
Removed Pin From Net: NetName=SDA Pin=R37-2
Removed Pin From Net: NetName=3V3 Pin=R38-1
Removed Pin From Net: NetName=SCL Pin=R38-2
Removed Pin From Net: NetName=3V3 Pin=R39-1
Removed Pin From Net: NetName=GND Pin=R40-2
Removed Member From Class: ClassName=Controller Member=R37
Removed Member From Class: ClassName=Controller Member=R38
Removed Member From Class: ClassName=Controller Member=R39
Removed Member From Class: ClassName=Controller Member=R40
Removed Member From Class: ClassName=U7_Nets Member=NetR39_2
Removed Member From Class: ClassName=U7_Nets Member=NetR40_1
Added Component: Designator=R20(RES_0603)
Add component (AddParameter): Name = "ERP"; Value = ""; VariantName = "[No Variations]"
Add component (AddParameter): Name = "Manufacturer 1"; Value = ""; VariantName = "[No Variations]"
Add component (AddParameter): Name = "Manufacturer Part Number 1"; Value = ""; VariantName = "[No Variations]"
Add component (AddParameter): Name = "Package"; Value = "0603"; VariantName = "[No Variations]"
Add component (AddParameter): Name = "Supplier 1"; Value = ""; VariantName = "[No Variations]"
Add component (AddParameter): Name = "Supplier Part Number 1"; Value = ""; VariantName = "[No Variations]"
Add component (AddParameter): Name = "Value"; Value = "10k"; VariantName = "[No Variations]"
Added Component: Designator=R21(RES_0603)
Add component (AddParameter): Name = "ERP"; Value = ""; VariantName = "[No Variations]"
Add component (AddParameter): Name = "Manufacturer 1"; Value = ""; VariantName = "[No Variations]"
Add component (AddParameter): Name = "Manufacturer Part Number 1"; Value = ""; VariantName = "[No Variations]"
Add component (AddParameter): Name = "Package"; Value = "0603"; VariantName = "[No Variations]"
Add component (AddParameter): Name = "Supplier 1"; Value = ""; VariantName = "[No Variations]"
Add component (AddParameter): Name = "Supplier Part Number 1"; Value = ""; VariantName = "[No Variations]"
Add component (AddParameter): Name = "Value"; Value = "10k"; VariantName = "[No Variations]"
Added Component: Designator=R28(RES_0603)
Add component (AddParameter): Name = "ERP"; Value = ""; VariantName = "[No Variations]"
Add component (AddParameter): Name = "Manufacturer 1"; Value = ""; VariantName = "[No Variations]"
Add component (AddParameter): Name = "Manufacturer Part Number 1"; Value = ""; VariantName = "[No Variations]"
Add component (AddParameter): Name = "Package"; Value = "0603"; VariantName = "[No Variations]"
Add component (AddParameter): Name = "Supplier 1"; Value = ""; VariantName = "[No Variations]"
Add component (AddParameter): Name = "Supplier Part Number 1"; Value = ""; VariantName = "[No Variations]"
Add component (AddParameter): Name = "Value"; Value = "10k"; VariantName = "[No Variations]"
Added Component: Designator=R29(RES_0603)
Add component (AddParameter): Name = "ERP"; Value = ""; VariantName = "[No Variations]"
Add component (AddParameter): Name = "Manufacturer 1"; Value = ""; VariantName = "[No Variations]"
Add component (AddParameter): Name = "Manufacturer Part Number 1"; Value = ""; VariantName = "[No Variations]"
Add component (AddParameter): Name = "Package"; Value = "0603"; VariantName = "[No Variations]"
Add component (AddParameter): Name = "Supplier 1"; Value = ""; VariantName = "[No Variations]"
Add component (AddParameter): Name = "Supplier Part Number 1"; Value = ""; VariantName = "[No Variations]"
Add component (AddParameter): Name = "Value"; Value = "10k"; VariantName = "[No Variations]"
Added Pin To Net: NetName=SDA Pin=R20-1
Added Pin To Net: NetName=3V3 Pin=R20-2
Added Pin To Net: NetName=SCL Pin=R21-1
Added Pin To Net: NetName=3V3 Pin=R21-2
Added Pin To Net: NetName=3V3 Pin=R28-2
Added Pin To Net: NetName=GND Pin=R29-1
Added Pin To Net: NetName=NetR28_1 Pin=R28-1
Added Pin To Net: NetName=NetR28_1 Pin=U7-2
Added Net: Name=NetR28_1
Added Pin To Net: NetName=NetR29_2 Pin=R29-2
Added Pin To Net: NetName=NetR29_2 Pin=U7-8
Added Net: Name=NetR29_2
Change Class Name : Old Net Name=R37_Nets New Net Name=R20_Nets
Change Class Name : Old Net Name=R38_Nets New Net Name=R21_Nets
Added Class: Name=R28_Nets
Added Class: Name=R29_Nets
Added Member To Class: ClassName=Controller Member=Component R20 ERP_101-1
Added Member To Class: ClassName=Controller Member=Component R21 ERP_101-1
Added Member To Class: ClassName=Controller Member=Component R28 ERP_101-1
Added Member To Class: ClassName=Controller Member=Component R29 ERP_101-1
Added Member To Class: ClassName=U7_Nets Member=Wire NetR28_1
Added Member To Class: ClassName=U7_Nets Member=Wire NetR29_2
