Added Component: Designator=C22(CAPC1608X10N)
Add component (AddParameter): Name = "ERP"; Value = ""; VariantName = "[No Variations]"
Add component (AddParameter): Name = "Manufacturer 1"; Value = ""; VariantName = "[No Variations]"
Add component (AddParameter): Name = "Manufacturer Part Number 1"; Value = ""; VariantName = "[No Variations]"
Add component (AddParameter): Name = "Package"; Value = "0603"; VariantName = "[No Variations]"
Add component (AddParameter): Name = "Supplier 1"; Value = ""; VariantName = "[No Variations]"
Add component (AddParameter): Name = "Suuplier Part Number 1"; Value = ""; VariantName = "[No Variations]"
Add component (AddParameter): Name = "Value"; Value = "100n"; VariantName = "[No Variations]"
Added Component: Designator=D2(B560C-13-F)
Add component (AddParameter): Name = "Manufacturer 1"; Value = "Diodes Incorporated"; VariantName = "[No Variations]"
Add component (AddParameter): Name = "Manufacturer Part Number 1"; Value = ""; VariantName = "[No Variations]"
Add component (AddParameter): Name = "Value"; Value = "B560C-13-F"; VariantName = "[No Variations]"
Added Component: Designator=L1(IND_1212)
Add component (AddParameter): Name = "Manufacturer 1"; Value = "Würth Elektronik"; VariantName = "[No Variations]"
Add component (AddParameter): Name = "Manufacturer Part Number 1"; Value = "7447709330"; VariantName = "[No Variations]"
Add component (AddParameter): Name = "Value"; Value = "33uH"; VariantName = "[No Variations]"
Added Pin To Net: NetName=GND Pin=D2-2
Added Pin To Net: NetName=NetC22_1 Pin=C22-1
Added Pin To Net: NetName=NetC22_1 Pin=U12-7
Added Net: Name=NetC22_1
Added Pin To Net: NetName=NetC22_2 Pin=C22-2
Added Pin To Net: NetName=NetC22_2 Pin=D2-1
Added Pin To Net: NetName=NetC22_2 Pin=L1-1
Added Pin To Net: NetName=NetC22_2 Pin=U12-8
Added Net: Name=NetC22_2
Added Class: Name=C22_Nets
Added Class: Name=D2_Nets
Added Class: Name=L1_Nets
Added Member To Class: ClassName=Power Section Member=Component C22 ERP_102-1
Added Member To Class: ClassName=Power Section Member=Component D2 ERP_104-3
Added Member To Class: ClassName=Power Section Member=Component L1 ERP_103-3
Added Member To Class: ClassName=U12_Nets Member=Wire NetC22_1
Added Member To Class: ClassName=U12_Nets Member=Wire NetC22_2
